#
# Copyright (c) 2009 Nokia Corporation and/or its subsidiary(-ies).
# All rights reserved.
# This component and the accompanying materials are made available
# under the terms of "Eclipse Public License v1.0"
# which accompanies this distribution, and is available
# at the URL "http://www.eclipse.org/legal/epl-v10.html".
#
# Initial Contributors:
# Nokia Corporation - initial contribution.
#
# Contributors:
#
# Description: 
#

component	networking_netcon
source	\sf\os\commsfw\datacommsserver\networkcontroller
binary	\sf\os\commsfw\datacommsserver\networkcontroller\group	all
exports	\sf\os\commsfw\datacommsserver\networkcontroller\group
notes_source	\component_defs\release.src


ipr E 
ipr T \sf\os\commsfw\datacommsserver\networkcontroller\te_mobileiptosimpleipfallback
ipr T \sf\os\commsfw\datacommsserver\networkcontroller\ts_common
ipr T \sf\os\commsfw\datacommsserver\networkcontroller\ts_netcon
ipr T \sf\os\commsfw\datacommsserver\networkcontroller\ts_netconoom
ipr T \sf\os\commsfw\datacommsserver\networkcontroller\ts_queue

