#
# Copyright (c) 2009 Nokia Corporation and/or its subsidiary(-ies).
# All rights reserved.
# This component and the accompanying materials are made available
# under the terms of "Eclipse Public License v1.0"
# which accompanies this distribution, and is available
# at the URL "http://www.eclipse.org/legal/epl-v10.html".
#
# Initial Contributors:
# Nokia Corporation - initial contribution.
#
# Contributors:
#
# Description: 
#

component	comms-infras_commdbshim
source	\sf\os\commsfw\commsconfig\commsdatabaseshim

binary	\sf\os\commsfw\commsconfig\commsdatabaseshim\group	all
exports	\sf\os\commsfw\commsconfig\commsdatabaseshim\group

notes_source \component_defs\release.src 

ipr D 
ipr T \sf\os\commsfw\commsconfig\commsdatabaseshim\Documentation
ipr T \sf\os\commsfw\commsconfig\commsdatabaseshim\bwins
ipr T \sf\os\commsfw\commsconfig\commsdatabaseshim\eabi
ipr T \sf\os\commsfw\commsconfig\commsdatabaseshim\ts_commdb
