#
# Copyright (c) 2009 Nokia Corporation and/or its subsidiary(-ies).
# All rights reserved.
# This component and the accompanying materials are made available
# under the terms of "Eclipse Public License v1.0"
# which accompanies this distribution, and is available
# at the URL "http://www.eclipse.org/legal/epl-v10.html".
#
# Initial Contributors:
# Nokia Corporation - initial contribution.
#
# Contributors:
#
# Description: 
#

component	comms-infras_esock-config

# configuration files disowned from esock. Now owned by this MRP file.
#
# Deliberate change added to file to force the CBR to republish comms-infras_esock-config, and may be removed at some later date.

source  \sf\os\commsfw\datacommsserver\esockserver\etc
binary	\sf\os\commsfw\datacommsserver\esockserver\etc	all
exports	\sf\os\commsfw\datacommsserver\esockserver\etc
notes_source	\component_defs\release.src



ipr D 

