#
# Copyright (c) 2009 Nokia Corporation and/or its subsidiary(-ies).
# All rights reserved.
# This component and the accompanying materials are made available
# under the terms of "Eclipse Public License v1.0"
# which accompanies this distribution, and is available
# at the URL "http://www.eclipse.org/legal/epl-v10.html".
#
# Initial Contributors:
# Nokia Corporation - initial contribution.
#
# Contributors:
#
# Description: 
#

component	ser-comms_c32-config

# configuration files disowned from c32. Now owned by this MRP file.
source	\sf\os\commsfw\serialserver\c32serialserverconfig
binary	\sf\os\commsfw\serialserver\c32serialserverconfig	all
exports	\sf\os\commsfw\serialserver\c32serialserverconfig

notes_source	\component_defs\release.src


ipr D 
