#
# Copyright (c) 2009 Nokia Corporation and/or its subsidiary(-ies).
# All rights reserved.
# This component and the accompanying materials are made available
# under the terms of "Eclipse Public License v1.0"
# which accompanies this distribution, and is available
# at the URL "http://www.eclipse.org/legal/epl-v10.html".
#
# Initial Contributors:
# Nokia Corporation - initial contribution.
#
# Contributors:
#
# Description: 
#

component	comms-infras_commsbufs
source	\sf\os\commsfw\commsfwutils\commsbufs
binary	\sf\os\commsfw\commsfwutils\commsbufs\group	all
exports	\sf\os\commsfw\commsfwutils\commsbufs\group
notes_source	\component_defs\release.src



ipr D 
ipr T \sf\os\commsfw\commsfwutils\commsbufs\TS_mbufmgr