#
# Copyright (c) 2009 Nokia Corporation and/or its subsidiary(-ies).
# All rights reserved.
# This component and the accompanying materials are made available
# under the terms of "Eclipse Public License v1.0"
# which accompanies this distribution, and is available
# at the URL "http://www.eclipse.org/legal/epl-v10.html".
#
# Initial Contributors:
# Nokia Corporation - initial contribution.
#
# Contributors:
#
# Description: 
#

component	comms-infras_commsdat_tools_symport

source		\src\mcl\os\commsfw\commsfwtools\preparedefaultcommsdatabase\Documentation
source		\src\mcl\os\commsfw\commsfwtools\preparedefaultcommsdatabase\group
source		\src\mcl\os\commsfw\commsfwtools\preparedefaultcommsdatabase\inc
source		\src\mcl\os\commsfw\commsfwtools\preparedefaultcommsdatabase\src
source		\src\mcl\os\commsfw\commsfwtools\preparedefaultcommsdatabase\te_commsdat
source		\src\mcl\os\commsfw\commsfwtools\preparedefaultcommsdatabase\Tools

binary		\src\mcl\os\commsfw\commsfwtools\preparedefaultcommsdatabase\group\tools2_common	all
exports		\src\mcl\os\commsfw\commsfwtools\preparedefaultcommsdatabase\group\tools2_common
binary		\src\mcl\os\commsfw\commsfwtools\preparedefaultcommsdatabase\group\tools2v9.5	all
exports		\src\mcl\os\commsfw\commsfwtools\preparedefaultcommsdatabase\group\tools2v9.5
binary		\src\mcl\os\commsfw\commsfwtools\preparedefaultcommsdatabase\group\tools2v9.4	all
exports		\src\mcl\os\commsfw\commsfwtools\preparedefaultcommsdatabase\group\tools2v9.4
binary		\src\mcl\os\commsfw\commsfwtools\preparedefaultcommsdatabase\group\tools2v9.3	all
exports		\src\mcl\os\commsfw\commsfwtools\preparedefaultcommsdatabase\group\tools2v9.3

notes_source \component_defs\release.src

ipr D 
ipr T \src\mcl\os\commsfw\commsfwtools\preparedefaultcommsdatabase\te_commsdat
ipr T \src\mcl\os\commsfw\commsfwtools\preparedefaultcommsdatabase\Tools
ipr D \src\mcl\os\commsfw\commsfwtools\preparedefaultcommsdatabase\Tools\ced\data

