#
# Copyright (c) 2009 Nokia Corporation and/or its subsidiary(-ies).
# All rights reserved.
# This component and the accompanying materials are made available
# under the terms of "Eclipse Public License v1.0"
# which accompanies this distribution, and is available
# at the URL "http://www.eclipse.org/legal/epl-v10.html".
#
# Initial Contributors:
# Nokia Corporation - initial contribution.
#
# Contributors:
#
# Description: 
#

component	comms-infras_commsdat

source		\sf\os\commsfw\commsfwtools\preparedefaultcommsdatabase\bwins
source		\sf\os\commsfw\commsfwtools\preparedefaultcommsdatabase\Documentation
source		\sf\os\commsfw\commsfwtools\preparedefaultcommsdatabase\eabi
source		\sf\os\commsfw\commsfwtools\preparedefaultcommsdatabase\group
source		\sf\os\commsfw\commsfwtools\preparedefaultcommsdatabase\inc
source		\sf\os\commsfw\commsfwtools\preparedefaultcommsdatabase\src
source		\sf\os\commsfw\commsfwtools\preparedefaultcommsdatabase\te_commsdat
source		\sf\os\commsfw\commsfwtools\preparedefaultcommsdatabase\Tools
binary		\sf\os\commsfw\commsfwtools\preparedefaultcommsdatabase\group	all
exports		\sf\os\commsfw\commsfwtools\preparedefaultcommsdatabase\group

notes_source \component_defs\release.src

ipr D 
ipr T \sf\os\commsfw\commsfwtools\preparedefaultcommsdatabase\te_commsdat
ipr T \sf\os\commsfw\commsfwtools\preparedefaultcommsdatabase\Tools
ipr D \sf\os\commsfw\commsfwtools\preparedefaultcommsdatabase\Tools\ced\data
ipr D \sf\os\commsfw\commsfwtools\preparedefaultcommsdatabase\Tools\ced\Documentation\HiddenReadOnlyUpdates

