#
# Copyright (c) 2009 Nokia Corporation and/or its subsidiary(-ies).
# All rights reserved.
# This component and the accompanying materials are made available
# under the terms of "Eclipse Public License v1.0"
# which accompanies this distribution, and is available
# at the URL "http://www.eclipse.org/legal/epl-v10.html".
#
# Initial Contributors:
# Nokia Corporation - initial contribution.
#
# Contributors:
#
# Description: 
#

component	systemdesignbase_elements
source	\sf\os\unref\orphan\comgen\systemdesignbase\elements
binary	\sf\os\unref\orphan\comgen\systemdesignbase\elements\group	all
exports	\sf\os\unref\orphan\comgen\systemdesignbase\elements\group
notes_source	\component_defs\release.src


ipr T 
ipr D \sf\os\unref\orphan\comgen\systemdesignbase\elements\group
ipr D \sf\os\unref\orphan\comgen\systemdesignbase\elements\helpers
ipr D \sf\os\unref\orphan\comgen\systemdesignbase\elements\nodemessages
ipr D \sf\os\unref\orphan\comgen\systemdesignbase\elements\meshmachine
ipr D \sf\os\unref\orphan\comgen\systemdesignbase\elements\statemachine
ipr D \sf\os\unref\orphan\comgen\systemdesignbase\elements\commsfw
ipr D \sf\os\unref\orphan\comgen\systemdesignbase\elements\netinterfaces
ipr D \sf\os\unref\orphan\comgen\systemdesignbase\elements\netmeta
ipr D \sf\os\unref\orphan\comgen\systemdesignbase\elements\virtualconstructors
ipr D \sf\os\unref\orphan\comgen\systemdesignbase\elements\factories
ipr D \sf\os\unref\orphan\comgen\systemdesignbase\elements\tools
