#
# Copyright (c) 2009 Nokia Corporation and/or its subsidiary(-ies).
# All rights reserved.
# This component and the accompanying materials are made available
# under the terms of "Eclipse Public License v1.0"
# which accompanies this distribution, and is available
# at the URL "http://www.eclipse.org/legal/epl-v10.html".
#
# Initial Contributors:
# Nokia Corporation - initial contribution.
#
# Contributors:
#
# Description: 
#

component	ser-comms_c32
source	\sf\os\commsfw\serialserver\c32serialserver\bwins
source	\sf\os\commsfw\serialserver\c32serialserver\CCOMM
source	\sf\os\commsfw\serialserver\c32serialserver\documentation
source	\sf\os\commsfw\serialserver\c32serialserver\eabi
source	\sf\os\commsfw\serialserver\c32serialserver\group
source	\sf\os\commsfw\serialserver\c32serialserver\INC
source	\sf\os\commsfw\serialserver\c32serialserver\SCOMM
source	\sf\os\commsfw\serialserver\c32serialserver\Test

binary	\sf\os\commsfw\serialserver\c32serialserver\group	all

exports	\sf\os\commsfw\serialserver\c32serialserver\group

-export_file	\sf\os\commsfw\serialserver\c32serialserver\documentation\C32API.doc	\epoc32\engdoc\c32\C32API.doc

notes_source	\component_defs\release.src

ipr D 
ipr T \sf\os\commsfw\serialserver\c32serialserver\Test
